<?xml version="1.0" encoding="utf-8"?><testsuites name="pytest tests"><testsuite name="pytest" errors="0" failures="0" skipped="0" tests="64" time="2.133" timestamp="2026-03-31T09:20:14.104914+02:00" hostname="runnervmrg6be"><testcase classname="weather.tests.integration.test_national_indicator_endpoint" name="test_get_national_indicator_month_happy_path" time="0.741" /><testcase classname="weather.tests.integration.test_national_indicator_endpoint" name="test_get_national_indicator_missing_required_parameter_returns_400" time="0.005" /><testcase classname="weather.tests.integration.test_national_indicator_endpoint" name="test_get_national_indicator_invalid_combination_returns_400" time="0.004" /><testcase classname="weather.tests.integration.test_national_indicator_timescale_datasource" name="test_fetch_daily_series_happy_path_one_day_baseline_mean_equals_temperature" time="0.092" /><testcase classname="weather.tests.integration.test_national_indicator_timescale_datasource" name="test_fetch_daily_series_drop_if_incomplete_day" time="0.089" /><testcase classname="weather.tests.integration.test_national_indicator_timescale_datasource" name="test_fetch_daily_series_accepts_double_reims_and_uses_expected" time="0.099" /><testcase classname="weather.tests.integration.test_national_indicator_timescale_datasource" name="test_fetch_daily_series_multiple_days_keeps_only_valid_days_sorted" time="0.158" /><testcase classname="weather.tests.unit.test_date_range" name="test_iter_days_intersecting_inclusive_single_day" time="0.001" /><testcase classname="weather.tests.unit.test_date_range" name="test_iter_days_intersecting_inclusive_range" time="0.001" /><testcase classname="weather.tests.unit.test_date_range" name="test_clamp_day_to_month_end[2024-1-31-31]" time="0.001" /><testcase classname="weather.tests.unit.test_date_range" name="test_clamp_day_to_month_end[2024-4-31-30]" time="0.001" /><testcase classname="weather.tests.unit.test_date_range" name="test_clamp_day_to_month_end[2024-2-31-29]" time="0.001" /><testcase classname="weather.tests.unit.test_date_range" name="test_clamp_day_to_month_end[2023-2-31-28]" time="0.001" /><testcase classname="weather.tests.unit.test_date_range" name="test_clamp_day_to_month_end[2024-2-29-29]" time="0.001" /><testcase classname="weather.tests.unit.test_date_range" name="test_clamp_day_to_month_end[2023-2-28-28]" time="0.001" /><testcase classname="weather.tests.unit.test_date_range" name="test_iter_month_starts_intersecting_mid_month_to_mid_month" time="0.001" /><testcase classname="weather.tests.unit.test_date_range" name="test_iter_month_starts_intersecting_cross_year" time="0.001" /><testcase classname="weather.tests.unit.test_date_range" name="test_iter_year_starts_intersecting_includes_both_ends" time="0.001" /><testcase classname="weather.tests.unit.test_date_range" name="test_days_in_month_in_range_filters_only_selected_month_and_is_inclusive" time="0.001" /><testcase classname="weather.tests.unit.test_date_range" name="test_days_in_month_in_range_can_be_empty" time="0.001" /><testcase classname="weather.tests.unit.test_date_range" name="test_monthly_points_in_range_clamps_and_filters_by_window" time="0.001" /><testcase classname="weather.tests.unit.test_date_range" name="test_monthly_points_in_range_excludes_candidates_outside_window" time="0.001" /><testcase classname="weather.tests.unit.test_date_range" name="test_yearly_points_in_range_clamps_and_filters_by_window" time="0.001" /><testcase classname="weather.tests.unit.test_date_range" name="test_yearly_points_in_range_excludes_candidates_outside_window" time="0.001" /><testcase classname="weather.tests.unit.test_national_indicator_acceptance" name="test_itn_acceptance_month_day_of_month_clamp" time="0.001" /><testcase classname="weather.tests.unit.test_national_indicator_acceptance" name="test_itn_acceptance_year_month_of_year_filters_correctly" time="0.001" /><testcase classname="weather.tests.unit.test_national_indicator_acceptance" name="test_itn_acceptance_year_day_of_month_with_month_and_clamp_leap_year" time="0.001" /><testcase classname="weather.tests.unit.test_national_indicator_business" name="test_expected_station_codes_len_is_30" time="0.001" /><testcase classname="weather.tests.unit.test_national_indicator_business" name="test_expected_station_codes_reims_before_switch_is_courcy" time="0.001" /><testcase classname="weather.tests.unit.test_national_indicator_business" name="test_expected_station_codes_reims_at_switch_is_prunay" time="0.001" /><testcase classname="weather.tests.unit.test_national_indicator_business" name="test_compute_itn_ok_returns_mean_over_30_slots" time="0.001" /><testcase classname="weather.tests.unit.test_national_indicator_business" name="test_compute_itn_drop_if_missing_any_always_station" time="0.001" /><testcase classname="weather.tests.unit.test_national_indicator_business" name="test_compute_itn_drop_if_missing_expected_reims" time="0.001" /><testcase classname="weather.tests.unit.test_national_indicator_business" name="test_compute_itn_accepts_double_reims_and_keeps_expected_one" time="0.001" /><testcase classname="weather.tests.unit.test_national_indicator_business" name="test_compute_itn_drop_if_extra_station_not_allowed" time="0.001" /><testcase classname="weather.tests.unit.test_national_indicator_fake" name="test_fake_generator_day_granularity_returns_all_days_inclusive" time="0.001" /><testcase classname="weather.tests.unit.test_national_indicator_fake" name="test_fake_generator_month_granularity_returns_one_point_per_month" time="0.001" /><testcase classname="weather.tests.unit.test_national_indicator_fake" name="test_month_granularity_includes_month_if_interval_intersects" time="0.001" /><testcase classname="weather.tests.unit.test_national_indicator_fake" name="test_day_of_month_clamps_to_last_day_of_month" time="0.001" /><testcase classname="weather.tests.unit.test_national_indicator_fake" name="test_day_of_month_clamps_to_feb_28_on_non_leap_year" time="0.001" /><testcase classname="weather.tests.unit.test_national_indicator_fake" name="test_fake_generator_year_granularity_includes_years_intersecting_interval" time="0.003" /><testcase classname="weather.tests.unit.test_national_indicator_fake" name="test_fake_generator_year_month_of_year_sets_date_to_first_day_of_selected_month" time="0.001" /><testcase classname="weather.tests.unit.test_national_indicator_fake" name="test_fake_generator_year_day_of_month_clamps_within_selected_month" time="0.001" /><testcase classname="weather.tests.unit.test_national_indicator_query_serializer" name="test_date_start_must_be_before_or_equal_date_end[2024-01-01-2024-01-01-True]" time="0.001" /><testcase classname="weather.tests.unit.test_national_indicator_query_serializer" name="test_date_start_must_be_before_or_equal_date_end[2024-01-01-2024-01-02-True]" time="0.001" /><testcase classname="weather.tests.unit.test_national_indicator_query_serializer" name="test_date_start_must_be_before_or_equal_date_end[2024-01-02-2024-01-01-False]" time="0.001" /><testcase classname="weather.tests.unit.test_national_indicator_query_serializer" name="test_granularity_must_be_valid_choice" time="0.001" /><testcase classname="weather.tests.unit.test_national_indicator_query_serializer" name="test_granularity_day_rejects_non_full_slice_type" time="0.001" /><testcase classname="weather.tests.unit.test_national_indicator_query_serializer" name="test_granularity_day_defaults_slice_type_to_full" time="0.001" /><testcase classname="weather.tests.unit.test_national_indicator_query_serializer" name="test_granularity_day_forbids_month_of_year" time="0.001" /><testcase classname="weather.tests.unit.test_national_indicator_query_serializer" name="test_granularity_day_forbids_day_of_month" time="0.001" /><testcase classname="weather.tests.unit.test_national_indicator_query_serializer" name="test_slice_type_full_forbids_month_of_year" time="0.001" /><testcase classname="weather.tests.unit.test_national_indicator_query_serializer" name="test_slice_type_full_forbids_day_of_month" time="0.001" /><testcase classname="weather.tests.unit.test_national_indicator_query_serializer" name="test_slice_type_month_of_year_requires_granularity_year[month]" time="0.001" /><testcase classname="weather.tests.unit.test_national_indicator_query_serializer" name="test_slice_type_month_of_year_requires_granularity_year[day]" time="0.001" /><testcase classname="weather.tests.unit.test_national_indicator_query_serializer" name="test_slice_type_month_of_year_requires_month_of_year" time="0.001" /><testcase classname="weather.tests.unit.test_national_indicator_query_serializer" name="test_slice_type_month_of_year_forbids_day_of_month" time="0.001" /><testcase classname="weather.tests.unit.test_national_indicator_query_serializer" name="test_slice_type_day_of_month_requires_day_of_month" time="0.001" /><testcase classname="weather.tests.unit.test_national_indicator_query_serializer" name="test_day_of_month_with_granularity_year_requires_month_of_year" time="0.001" /><testcase classname="weather.tests.unit.test_national_indicator_query_serializer" name="test_day_of_month_with_granularity_month_forbids_month_of_year" time="0.001" /><testcase classname="weather.tests.unit.test_national_indicator_query_serializer" name="test_valid_month_full_defaults" time="0.001" /><testcase classname="weather.tests.unit.test_national_indicator_query_serializer" name="test_valid_month_day_of_month" time="0.001" /><testcase classname="weather.tests.unit.test_national_indicator_query_serializer" name="test_valid_year_month_of_year" time="0.001" /><testcase classname="weather.tests.unit.test_national_indicator_query_serializer" name="test_valid_year_specific_day_of_year" time="0.042" /></testsuite></testsuites>