<?xml version="1.0" encoding="UTF-8" ?>
<testsuites name="vitest tests" tests="2" failures="0" errors="0" time="0.002442129">
    <testsuite name="app/utils/date.test.ts" timestamp="2026-04-19T12:42:05.533Z" hostname="runnervmeorf1" tests="2" failures="0" errors="0" skipped="0" time="0.002442129">
        <testcase classname="app/utils/date.test.ts" name="date utils &gt; formats a date to ISO string" time="0.001303581">
        </testcase>
        <testcase classname="app/utils/date.test.ts" name="date utils &gt; compares two dates correctly" time="0.000212955">
        </testcase>
    </testsuite>
</testsuites>
