<?xml version="1.0" encoding="UTF-8" ?>
<testsuites name="vitest tests" tests="2" failures="0" errors="0" time="0.002781809">
    <testsuite name="app/utils/date.test.ts" timestamp="2026-03-31T07:09:40.760Z" hostname="runnervmrg6be" tests="2" failures="0" errors="0" skipped="0" time="0.002781809">
        <testcase classname="app/utils/date.test.ts" name="date utils &gt; formats a date to ISO string" time="0.001510402">
        </testcase>
        <testcase classname="app/utils/date.test.ts" name="date utils &gt; compares two dates correctly" time="0.000203458">
        </testcase>
    </testsuite>
</testsuites>
